[debug] [2020-11-18T04:17:11.101Z] ----------------------------------------------------------------------
[debug] [2020-11-18T04:17:11.103Z] Command:       C:\Program Files\nodejs\node.exe C:\Users\kkawa\AppData\Roaming\npm\node_modules\firebase-tools\lib\bin\firebase.js functions:shell
[debug] [2020-11-18T04:17:11.103Z] CLI Version:   8.16.2
[debug] [2020-11-18T04:17:11.103Z] Platform:      win32
[debug] [2020-11-18T04:17:11.104Z] Node Version:  v14.15.0
[debug] [2020-11-18T04:17:11.104Z] Time:          Wed Nov 18 2020 09:17:11 GMT+0500 (Pakistan Standard Time)
[debug] [2020-11-18T04:17:11.104Z] ----------------------------------------------------------------------
[debug] [2020-11-18T04:17:11.104Z] 
[debug] [2020-11-18T04:17:11.111Z] > command requires scopes: ["email","openid","https://www.googleapis.com/auth/cloudplatformprojects.readonly","https://www.googleapis.com/auth/firebase","https://www.googleapis.com/auth/cloud-platform"]
[debug] [2020-11-18T04:17:11.111Z] > authorizing via signed-in user
[debug] [2020-11-18T04:17:11.111Z] [iam] checking project clone-70b3b for permissions ["firebase.projects.get"]
[debug] [2020-11-18T04:17:11.114Z] > refreshing access token with scopes: ["email","https://www.googleapis.com/auth/cloud-platform","https://www.googleapis.com/auth/cloudplatformprojects.readonly","https://www.googleapis.com/auth/firebase","openid"]
[debug] [2020-11-18T04:17:11.115Z] >>> HTTP REQUEST POST https://www.googleapis.com/oauth2/v3/token  
 <request body omitted>
[debug] [2020-11-18T04:17:11.604Z] <<< HTTP RESPONSE 200 {"pragma":"no-cache","date":"Wed, 18 Nov 2020 04:17:12 GMT","expires":"Mon, 01 Jan 1990 00:00:00 GMT","cache-control":"no-cache, no-store, max-age=0, must-revalidate","content-type":"application/json; charset=utf-8","vary":"X-Origin, Referer, Origin,Accept-Encoding","server":"scaffolding on HTTPServer2","x-xss-protection":"0","x-frame-options":"SAMEORIGIN","x-content-type-options":"nosniff","alt-svc":"h3-Q050=\":443\"; ma=2592000,h3-29=\":443\"; ma=2592000,h3-T051=\":443\"; ma=2592000,h3-Q046=\":443\"; ma=2592000,h3-Q043=\":443\"; ma=2592000,quic=\":443\"; ma=2592000; v=\"46,43\"","accept-ranges":"none","transfer-encoding":"chunked"}
[debug] [2020-11-18T04:17:11.637Z] >>> HTTP REQUEST POST https://cloudresourcemanager.googleapis.com/v1/projects/clone-70b3b:testIamPermissions  
 {"permissions":["firebase.projects.get"]}
[debug] [2020-11-18T04:17:13.296Z] <<< HTTP RESPONSE 200 {"content-type":"application/json; charset=UTF-8","vary":"X-Origin, Referer, Origin,Accept-Encoding","date":"Wed, 18 Nov 2020 04:17:13 GMT","server":"ESF","cache-control":"private","x-xss-protection":"0","x-frame-options":"SAMEORIGIN","x-content-type-options":"nosniff","server-timing":"gfet4t7; dur=1230","alt-svc":"h3-Q050=\":443\"; ma=2592000,h3-29=\":443\"; ma=2592000,h3-T051=\":443\"; ma=2592000,h3-Q046=\":443\"; ma=2592000,h3-Q043=\":443\"; ma=2592000,quic=\":443\"; ma=2592000; v=\"46,43\"","accept-ranges":"none","transfer-encoding":"chunked"}
[debug] [2020-11-18T04:17:13.302Z] >>> HTTP REQUEST GET http://localhost:4400/emulators  
 
[debug] [2020-11-18T04:17:13.740Z] Error: connect ECONNREFUSED 127.0.0.1:4400
    at TCPConnectWrap.afterConnect [as oncomplete] (net.js:1146:16)
[error] 
[error] Error: Server Error. connect ECONNREFUSED 127.0.0.1:4400
[debug] [2020-11-18T07:29:20.518Z] ----------------------------------------------------------------------
[debug] [2020-11-18T07:29:20.520Z] Command:       C:\Program Files\nodejs\node.exe C:\Users\kkawa\AppData\Roaming\npm\node_modules\firebase-tools\lib\bin\firebase.js emulators:start
[debug] [2020-11-18T07:29:20.520Z] CLI Version:   8.16.2
[debug] [2020-11-18T07:29:20.521Z] Platform:      win32
[debug] [2020-11-18T07:29:20.521Z] Node Version:  v14.15.0
[debug] [2020-11-18T07:29:20.521Z] Time:          Wed Nov 18 2020 12:29:20 GMT+0500 (Pakistan Standard Time)
[debug] [2020-11-18T07:29:20.521Z] ----------------------------------------------------------------------
[debug] [2020-11-18T07:29:20.522Z] 
[debug] [2020-11-18T07:29:20.527Z] > command requires scopes: ["email","openid","https://www.googleapis.com/auth/cloudplatformprojects.readonly","https://www.googleapis.com/auth/firebase","https://www.googleapis.com/auth/cloud-platform"]
[debug] [2020-11-18T07:29:20.528Z] > authorizing via signed-in user
[info] i  emulators: Starting emulators: functions {"metadata":{"emulator":{"name":"hub"},"message":"Starting emulators: functions"}}
[warn] !  emulators: It seems that you are running multiple instances of the emulator suite for project clone-70b3b. This may result in unexpected behavior. 
[debug] [2020-11-18T07:29:20.555Z] [hub] writing locator at C:\Users\kkawa\AppData\Local\Temp\hub-clone-70b3b.json
[warn] !  functions: The following emulators are not running, calls to these services from the Functions emulator will affect production: auth, firestore, database, hosting, pubsub {"metadata":{"emulator":{"name":"functions"},"message":"The following emulators are not running, calls to these services from the Functions emulator will affect production: \u001b[1mauth, firestore, database, hosting, pubsub\u001b[22m"}}
[warn] !  Your requested "node" version "10" doesn't match your global version "14" {"metadata":{"emulator":{"name":"functions"},"message":"Your requested \"node\" version \"10\" doesn't match your global version \"14\""}}
[debug] [2020-11-18T07:29:20.623Z] defaultcredentials: writing to file C:\Users\kkawa\AppData\Roaming\firebase\kk_awan1995_gmail.com_application_default_credentials.json
[debug] [2020-11-18T07:29:20.627Z] Setting GAC to C:\Users\kkawa\AppData\Roaming\firebase\kk_awan1995_gmail.com_application_default_credentials.json {"metadata":{"emulator":{"name":"functions"},"message":"Setting GAC to C:\\Users\\kkawa\\AppData\\Roaming\\firebase\\kk_awan1995_gmail.com_application_default_credentials.json"}}
[warn] !  ui: Emulator UI unable to start on port 4000, starting on 4003 instead. {"metadata":{"emulator":{"name":"ui"},"message":"Emulator UI unable to start on port 4000, starting on 4003 instead."}}
[debug] [2020-11-18T07:29:20.670Z] Ignoring unsupported arg: auto_download {"metadata":{"emulator":{"name":"ui"},"message":"Ignoring unsupported arg: auto_download"}}
[debug] [2020-11-18T07:29:20.670Z] Ignoring unsupported arg: port {"metadata":{"emulator":{"name":"ui"},"message":"Ignoring unsupported arg: port"}}
[debug] [2020-11-18T07:29:20.670Z] Starting Emulator UI with command {"binary":"node","args":["C:\\Users\\kkawa\\.cache\\firebase\\emulators\\ui-v1.2.2\\server.bundle.js"],"optionalArgs":[],"joinArgs":false} {"metadata":{"emulator":{"name":"ui"},"message":"Starting Emulator UI with command {\"binary\":\"node\",\"args\":[\"C:\\\\Users\\\\kkawa\\\\.cache\\\\firebase\\\\emulators\\\\ui-v1.2.2\\\\server.bundle.js\"],\"optionalArgs\":[],\"joinArgs\":false}"}}
[info] i  ui: Emulator UI logging to ui-debug.log {"metadata":{"emulator":{"name":"ui"},"message":"Emulator UI logging to \u001b[1mui-debug.log\u001b[22m"}}
[debug] [2020-11-18T07:29:20.776Z] Web / API server started at http://localhost:4003
 {"metadata":{"emulator":{"name":"ui"},"message":"Web / API server started at http://localhost:4003\n"}}
[info] i  functions: Watching "D:\BitBucket\amazon-clone\amazon-clone\functions" for Cloud Functions... {"metadata":{"emulator":{"name":"functions"},"message":"Watching \"D:\\BitBucket\\amazon-clone\\amazon-clone\\functions\" for Cloud Functions..."}}
[debug] [2020-11-18T07:29:20.955Z] [worker-pool] addWorker(~diagnostic~) {"metadata":{"emulator":{"name":"functions"},"message":"[worker-pool] addWorker(~diagnostic~)"}}
[debug] [2020-11-18T07:29:20.955Z] [worker-pool] Adding worker with key ~diagnostic~, total=1 {"metadata":{"emulator":{"name":"functions"},"message":"[worker-pool] Adding worker with key ~diagnostic~, total=1"}}
[debug] [2020-11-18T07:29:20.955Z] [worker-pool] submitWork(triggerId=) {"metadata":{"emulator":{"name":"functions"},"message":"[worker-pool] submitWork(triggerId=)"}}
[debug] [2020-11-18T07:29:20.956Z] [worker-~diagnostic~-a70eb6df-a1be-4812-9ccb-6201dc80c5df]: Assigning socketPath: \\?\pipe\D:\BitBucket\amazon-clone\amazon-clone\functions\8776 {"metadata":{"emulator":{"name":"functions"},"message":"[worker-~diagnostic~-a70eb6df-a1be-4812-9ccb-6201dc80c5df]: Assigning socketPath: \\\\?\\pipe\\D:\\BitBucket\\amazon-clone\\amazon-clone\\functions\\8776"}}
[debug] [2020-11-18T07:29:20.956Z] [worker-~diagnostic~-a70eb6df-a1be-4812-9ccb-6201dc80c5df]: BUSY {"metadata":{"emulator":{"name":"functions"},"message":"[worker-~diagnostic~-a70eb6df-a1be-4812-9ccb-6201dc80c5df]: BUSY"}}
[debug] [2020-11-18T07:29:21.310Z] [runtime-status] [8776] Functions runtime initialized. {"cwd":"D:\\BitBucket\\amazon-clone\\amazon-clone\\functions","node_version":"14.15.0"} {"metadata":{"emulator":{"name":"functions"},"message":"[runtime-status] [8776] Functions runtime initialized. {\"cwd\":\"D:\\\\BitBucket\\\\amazon-clone\\\\amazon-clone\\\\functions\",\"node_version\":\"14.15.0\"}"}}
[debug] [2020-11-18T07:29:21.312Z] [runtime-status] [8776] Disabled runtime features: undefined {"metadata":{"emulator":{"name":"functions"},"message":"[runtime-status] [8776] Disabled runtime features: undefined"}}
[debug] [2020-11-18T07:29:21.315Z] [runtime-status] [8776] Resolved module firebase-admin {"declared":true,"installed":true,"version":"8.13.0","resolution":"D:\\BitBucket\\amazon-clone\\amazon-clone\\functions\\node_modules\\firebase-admin\\lib\\index.js"} {"metadata":{"emulator":{"name":"functions"},"message":"[runtime-status] [8776] Resolved module firebase-admin {\"declared\":true,\"installed\":true,\"version\":\"8.13.0\",\"resolution\":\"D:\\\\BitBucket\\\\amazon-clone\\\\amazon-clone\\\\functions\\\\node_modules\\\\firebase-admin\\\\lib\\\\index.js\"}"}}
[debug] [2020-11-18T07:29:21.317Z] [runtime-status] [8776] Resolved module firebase-functions {"declared":true,"installed":true,"version":"3.11.0","resolution":"D:\\BitBucket\\amazon-clone\\amazon-clone\\functions\\node_modules\\firebase-functions\\lib\\index.js"} {"metadata":{"emulator":{"name":"functions"},"message":"[runtime-status] [8776] Resolved module firebase-functions {\"declared\":true,\"installed\":true,\"version\":\"3.11.0\",\"resolution\":\"D:\\\\BitBucket\\\\amazon-clone\\\\amazon-clone\\\\functions\\\\node_modules\\\\firebase-functions\\\\lib\\\\index.js\"}"}}
[debug] [2020-11-18T07:29:21.318Z] [runtime-status] [8776] Resolved module firebase-functions {"declared":true,"installed":true,"version":"3.11.0","resolution":"D:\\BitBucket\\amazon-clone\\amazon-clone\\functions\\node_modules\\firebase-functions\\lib\\index.js"} {"metadata":{"emulator":{"name":"functions"},"message":"[runtime-status] [8776] Resolved module firebase-functions {\"declared\":true,\"installed\":true,\"version\":\"3.11.0\",\"resolution\":\"D:\\\\BitBucket\\\\amazon-clone\\\\amazon-clone\\\\functions\\\\node_modules\\\\firebase-functions\\\\lib\\\\index.js\"}"}}
[debug] [2020-11-18T07:29:21.320Z] [runtime-status] [8776] Outgoing network have been stubbed. [{"name":"http","status":"mocked"},{"name":"http","status":"mocked"},{"name":"https","status":"mocked"},{"name":"https","status":"mocked"},{"name":"net","status":"mocked"}] {"metadata":{"emulator":{"name":"functions"},"message":"[runtime-status] [8776] Outgoing network have been stubbed. [{\"name\":\"http\",\"status\":\"mocked\"},{\"name\":\"http\",\"status\":\"mocked\"},{\"name\":\"https\",\"status\":\"mocked\"},{\"name\":\"https\",\"status\":\"mocked\"},{\"name\":\"net\",\"status\":\"mocked\"}]"}}
[debug] [2020-11-18T07:29:21.320Z] [runtime-status] [8776] Resolved module firebase-functions {"declared":true,"installed":true,"version":"3.11.0","resolution":"D:\\BitBucket\\amazon-clone\\amazon-clone\\functions\\node_modules\\firebase-functions\\lib\\index.js"} {"metadata":{"emulator":{"name":"functions"},"message":"[runtime-status] [8776] Resolved module firebase-functions {\"declared\":true,\"installed\":true,\"version\":\"3.11.0\",\"resolution\":\"D:\\\\BitBucket\\\\amazon-clone\\\\amazon-clone\\\\functions\\\\node_modules\\\\firebase-functions\\\\lib\\\\index.js\"}"}}
[debug] [2020-11-18T07:29:21.358Z] [runtime-status] [8776] Checked functions.config() {"config":{}} {"metadata":{"emulator":{"name":"functions"},"message":"[runtime-status] [8776] Checked functions.config() {\"config\":{}}"}}
[debug] [2020-11-18T07:29:21.359Z] [runtime-status] [8776] firebase-functions has been stubbed. {"functionsResolution":{"declared":true,"installed":true,"version":"3.11.0","resolution":"D:\\BitBucket\\amazon-clone\\amazon-clone\\functions\\node_modules\\firebase-functions\\lib\\index.js"}} {"metadata":{"emulator":{"name":"functions"},"message":"[runtime-status] [8776] firebase-functions has been stubbed. {\"functionsResolution\":{\"declared\":true,\"installed\":true,\"version\":\"3.11.0\",\"resolution\":\"D:\\\\BitBucket\\\\amazon-clone\\\\amazon-clone\\\\functions\\\\node_modules\\\\firebase-functions\\\\lib\\\\index.js\"}}"}}
[debug] [2020-11-18T07:29:21.359Z] [runtime-status] [8776] Resolved module firebase-functions {"declared":true,"installed":true,"version":"3.11.0","resolution":"D:\\BitBucket\\amazon-clone\\amazon-clone\\functions\\node_modules\\firebase-functions\\lib\\index.js"} {"metadata":{"emulator":{"name":"functions"},"message":"[runtime-status] [8776] Resolved module firebase-functions {\"declared\":true,\"installed\":true,\"version\":\"3.11.0\",\"resolution\":\"D:\\\\BitBucket\\\\amazon-clone\\\\amazon-clone\\\\functions\\\\node_modules\\\\firebase-functions\\\\lib\\\\index.js\"}"}}
[debug] [2020-11-18T07:29:21.360Z] [runtime-status] [8776] Resolved module firebase-admin {"declared":true,"installed":true,"version":"8.13.0","resolution":"D:\\BitBucket\\amazon-clone\\amazon-clone\\functions\\node_modules\\firebase-admin\\lib\\index.js"} {"metadata":{"emulator":{"name":"functions"},"message":"[runtime-status] [8776] Resolved module firebase-admin {\"declared\":true,\"installed\":true,\"version\":\"8.13.0\",\"resolution\":\"D:\\\\BitBucket\\\\amazon-clone\\\\amazon-clone\\\\functions\\\\node_modules\\\\firebase-admin\\\\lib\\\\index.js\"}"}}
[debug] [2020-11-18T07:29:21.361Z] [runtime-status] [8776] Resolved module firebase-functions {"declared":true,"installed":true,"version":"3.11.0","resolution":"D:\\BitBucket\\amazon-clone\\amazon-clone\\functions\\node_modules\\firebase-functions\\lib\\index.js"} {"metadata":{"emulator":{"name":"functions"},"message":"[runtime-status] [8776] Resolved module firebase-functions {\"declared\":true,\"installed\":true,\"version\":\"3.11.0\",\"resolution\":\"D:\\\\BitBucket\\\\amazon-clone\\\\amazon-clone\\\\functions\\\\node_modules\\\\firebase-functions\\\\lib\\\\index.js\"}"}}
[debug] [2020-11-18T07:29:21.361Z] [runtime-status] [8776] firebase-admin has been stubbed. {"adminResolution":{"declared":true,"installed":true,"version":"8.13.0","resolution":"D:\\BitBucket\\amazon-clone\\amazon-clone\\functions\\node_modules\\firebase-admin\\lib\\index.js"}} {"metadata":{"emulator":{"name":"functions"},"message":"[runtime-status] [8776] firebase-admin has been stubbed. {\"adminResolution\":{\"declared\":true,\"installed\":true,\"version\":\"8.13.0\",\"resolution\":\"D:\\\\BitBucket\\\\amazon-clone\\\\amazon-clone\\\\functions\\\\node_modules\\\\firebase-admin\\\\lib\\\\index.js\"}}"}}
[info] +  functions[api]: http function initialized (http://localhost:5001/clone-70b3b/us-central1/api). {"metadata":{"emulator":{"name":"functions"},"message":"\u001b[1mhttp\u001b[22m function initialized (http://localhost:5001/clone-70b3b/us-central1/api)."}}
[info] 
┌────────────────────────────────────────────────────────────────┐
│ ✔  All emulators ready! View status and logs at localhost:4003 │
└────────────────────────────────────────────────────────────────┘

┌───────────┬────────────────┬──────────────────────────┐
│ Emulator  │ Host:Port      │ View in Emulator UI      │
├───────────┼────────────────┼──────────────────────────┤
│ Functions │ localhost:5001 │ localhost:4003/functions │
└───────────┴────────────────┴──────────────────────────┘
  Other reserved ports: 4400, 4500

Issues? Report them at https://github.com/firebase/firebase-tools/issues and attach the *-debug.log files.
 
[debug] [2020-11-18T07:29:21.548Z] [worker-~diagnostic~-a70eb6df-a1be-4812-9ccb-6201dc80c5df]: IDLE {"metadata":{"emulator":{"name":"functions"},"message":"[worker-~diagnostic~-a70eb6df-a1be-4812-9ccb-6201dc80c5df]: IDLE"}}
[debug] [2020-11-18T07:30:17.615Z] [work-queue] {"queueLength":1,"workRunningCount":0}
[debug] [2020-11-18T07:30:17.616Z] [work-queue] {"queueLength":0,"workRunningCount":1}
[debug] [2020-11-18T07:30:17.616Z] Accepted request POST /clone-70b3b/us-central1/api/payments/create?total=74092 --> api
[debug] [2020-11-18T07:30:18.112Z] [worker-pool] addWorker(api) {"metadata":{"emulator":{"name":"functions"},"message":"[worker-pool] addWorker(api)"}}
[debug] [2020-11-18T07:30:18.112Z] [worker-pool] Adding worker with key api, total=1 {"metadata":{"emulator":{"name":"functions"},"message":"[worker-pool] Adding worker with key api, total=1"}}
[debug] [2020-11-18T07:30:18.112Z] [worker-pool] submitWork(triggerId=api) {"metadata":{"emulator":{"name":"functions"},"message":"[worker-pool] submitWork(triggerId=api)"}}
[debug] [2020-11-18T07:30:18.112Z] [worker-api-a971794c-bfc9-4d8a-a39b-e378551c1dde]: Assigning socketPath: \\?\pipe\D:\BitBucket\amazon-clone\amazon-clone\functions\11992 {"metadata":{"emulator":{"name":"functions"},"message":"[worker-api-a971794c-bfc9-4d8a-a39b-e378551c1dde]: Assigning socketPath: \\\\?\\pipe\\D:\\BitBucket\\amazon-clone\\amazon-clone\\functions\\11992"}}
[debug] [2020-11-18T07:30:18.112Z] [worker-api-a971794c-bfc9-4d8a-a39b-e378551c1dde]: BUSY {"metadata":{"emulator":{"name":"functions"},"message":"[worker-api-a971794c-bfc9-4d8a-a39b-e378551c1dde]: BUSY"}}
[debug] [2020-11-18T07:30:18.450Z] [runtime-status] [11992] Functions runtime initialized. {"cwd":"D:\\BitBucket\\amazon-clone\\amazon-clone\\functions","node_version":"14.15.0"} {"metadata":{"emulator":{"name":"functions"},"function":{"name":"api"},"message":"[runtime-status] [11992] Functions runtime initialized. {\"cwd\":\"D:\\\\BitBucket\\\\amazon-clone\\\\amazon-clone\\\\functions\",\"node_version\":\"14.15.0\"}"}}
[debug] [2020-11-18T07:30:18.452Z] [runtime-status] [11992] Disabled runtime features: undefined {"metadata":{"emulator":{"name":"functions"},"function":{"name":"api"},"message":"[runtime-status] [11992] Disabled runtime features: undefined"}}
[debug] [2020-11-18T07:30:18.455Z] [runtime-status] [11992] Resolved module firebase-admin {"declared":true,"installed":true,"version":"8.13.0","resolution":"D:\\BitBucket\\amazon-clone\\amazon-clone\\functions\\node_modules\\firebase-admin\\lib\\index.js"} {"metadata":{"emulator":{"name":"functions"},"function":{"name":"api"},"message":"[runtime-status] [11992] Resolved module firebase-admin {\"declared\":true,\"installed\":true,\"version\":\"8.13.0\",\"resolution\":\"D:\\\\BitBucket\\\\amazon-clone\\\\amazon-clone\\\\functions\\\\node_modules\\\\firebase-admin\\\\lib\\\\index.js\"}"}}
[debug] [2020-11-18T07:30:18.456Z] [runtime-status] [11992] Resolved module firebase-functions {"declared":true,"installed":true,"version":"3.11.0","resolution":"D:\\BitBucket\\amazon-clone\\amazon-clone\\functions\\node_modules\\firebase-functions\\lib\\index.js"} {"metadata":{"emulator":{"name":"functions"},"function":{"name":"api"},"message":"[runtime-status] [11992] Resolved module firebase-functions {\"declared\":true,\"installed\":true,\"version\":\"3.11.0\",\"resolution\":\"D:\\\\BitBucket\\\\amazon-clone\\\\amazon-clone\\\\functions\\\\node_modules\\\\firebase-functions\\\\lib\\\\index.js\"}"}}
[debug] [2020-11-18T07:30:18.457Z] [runtime-status] [11992] Resolved module firebase-functions {"declared":true,"installed":true,"version":"3.11.0","resolution":"D:\\BitBucket\\amazon-clone\\amazon-clone\\functions\\node_modules\\firebase-functions\\lib\\index.js"} {"metadata":{"emulator":{"name":"functions"},"function":{"name":"api"},"message":"[runtime-status] [11992] Resolved module firebase-functions {\"declared\":true,\"installed\":true,\"version\":\"3.11.0\",\"resolution\":\"D:\\\\BitBucket\\\\amazon-clone\\\\amazon-clone\\\\functions\\\\node_modules\\\\firebase-functions\\\\lib\\\\index.js\"}"}}
[debug] [2020-11-18T07:30:18.459Z] [runtime-status] [11992] Outgoing network have been stubbed. [{"name":"http","status":"mocked"},{"name":"http","status":"mocked"},{"name":"https","status":"mocked"},{"name":"https","status":"mocked"},{"name":"net","status":"mocked"}] {"metadata":{"emulator":{"name":"functions"},"function":{"name":"api"},"message":"[runtime-status] [11992] Outgoing network have been stubbed. [{\"name\":\"http\",\"status\":\"mocked\"},{\"name\":\"http\",\"status\":\"mocked\"},{\"name\":\"https\",\"status\":\"mocked\"},{\"name\":\"https\",\"status\":\"mocked\"},{\"name\":\"net\",\"status\":\"mocked\"}]"}}
[debug] [2020-11-18T07:30:18.460Z] [runtime-status] [11992] Resolved module firebase-functions {"declared":true,"installed":true,"version":"3.11.0","resolution":"D:\\BitBucket\\amazon-clone\\amazon-clone\\functions\\node_modules\\firebase-functions\\lib\\index.js"} {"metadata":{"emulator":{"name":"functions"},"function":{"name":"api"},"message":"[runtime-status] [11992] Resolved module firebase-functions {\"declared\":true,\"installed\":true,\"version\":\"3.11.0\",\"resolution\":\"D:\\\\BitBucket\\\\amazon-clone\\\\amazon-clone\\\\functions\\\\node_modules\\\\firebase-functions\\\\lib\\\\index.js\"}"}}
[debug] [2020-11-18T07:30:18.498Z] [runtime-status] [11992] Checked functions.config() {"config":{}} {"metadata":{"emulator":{"name":"functions"},"function":{"name":"api"},"message":"[runtime-status] [11992] Checked functions.config() {\"config\":{}}"}}
[debug] [2020-11-18T07:30:18.498Z] [runtime-status] [11992] firebase-functions has been stubbed. {"functionsResolution":{"declared":true,"installed":true,"version":"3.11.0","resolution":"D:\\BitBucket\\amazon-clone\\amazon-clone\\functions\\node_modules\\firebase-functions\\lib\\index.js"}} {"metadata":{"emulator":{"name":"functions"},"function":{"name":"api"},"message":"[runtime-status] [11992] firebase-functions has been stubbed. {\"functionsResolution\":{\"declared\":true,\"installed\":true,\"version\":\"3.11.0\",\"resolution\":\"D:\\\\BitBucket\\\\amazon-clone\\\\amazon-clone\\\\functions\\\\node_modules\\\\firebase-functions\\\\lib\\\\index.js\"}}"}}
[debug] [2020-11-18T07:30:18.499Z] [runtime-status] [11992] Resolved module firebase-functions {"declared":true,"installed":true,"version":"3.11.0","resolution":"D:\\BitBucket\\amazon-clone\\amazon-clone\\functions\\node_modules\\firebase-functions\\lib\\index.js"} {"metadata":{"emulator":{"name":"functions"},"function":{"name":"api"},"message":"[runtime-status] [11992] Resolved module firebase-functions {\"declared\":true,\"installed\":true,\"version\":\"3.11.0\",\"resolution\":\"D:\\\\BitBucket\\\\amazon-clone\\\\amazon-clone\\\\functions\\\\node_modules\\\\firebase-functions\\\\lib\\\\index.js\"}"}}
[debug] [2020-11-18T07:30:18.500Z] [runtime-status] [11992] Resolved module firebase-admin {"declared":true,"installed":true,"version":"8.13.0","resolution":"D:\\BitBucket\\amazon-clone\\amazon-clone\\functions\\node_modules\\firebase-admin\\lib\\index.js"} {"metadata":{"emulator":{"name":"functions"},"function":{"name":"api"},"message":"[runtime-status] [11992] Resolved module firebase-admin {\"declared\":true,\"installed\":true,\"version\":\"8.13.0\",\"resolution\":\"D:\\\\BitBucket\\\\amazon-clone\\\\amazon-clone\\\\functions\\\\node_modules\\\\firebase-admin\\\\lib\\\\index.js\"}"}}
[debug] [2020-11-18T07:30:18.500Z] [runtime-status] [11992] Resolved module firebase-functions {"declared":true,"installed":true,"version":"3.11.0","resolution":"D:\\BitBucket\\amazon-clone\\amazon-clone\\functions\\node_modules\\firebase-functions\\lib\\index.js"} {"metadata":{"emulator":{"name":"functions"},"function":{"name":"api"},"message":"[runtime-status] [11992] Resolved module firebase-functions {\"declared\":true,\"installed\":true,\"version\":\"3.11.0\",\"resolution\":\"D:\\\\BitBucket\\\\amazon-clone\\\\amazon-clone\\\\functions\\\\node_modules\\\\firebase-functions\\\\lib\\\\index.js\"}"}}
[debug] [2020-11-18T07:30:18.500Z] [runtime-status] [11992] firebase-admin has been stubbed. {"adminResolution":{"declared":true,"installed":true,"version":"8.13.0","resolution":"D:\\BitBucket\\amazon-clone\\amazon-clone\\functions\\node_modules\\firebase-admin\\lib\\index.js"}} {"metadata":{"emulator":{"name":"functions"},"function":{"name":"api"},"message":"[runtime-status] [11992] firebase-admin has been stubbed. {\"adminResolution\":{\"declared\":true,\"installed\":true,\"version\":\"8.13.0\",\"resolution\":\"D:\\\\BitBucket\\\\amazon-clone\\\\amazon-clone\\\\functions\\\\node_modules\\\\firebase-admin\\\\lib\\\\index.js\"}}"}}
[debug] [2020-11-18T07:30:18.628Z] [runtime-status] [11992] Trigger "api" has been found, beginning invocation! {"metadata":{"emulator":{"name":"functions"},"function":{"name":"api"},"message":"[runtime-status] [11992] Trigger \"api\" has been found, beginning invocation!"}}
[info] i  functions: Beginning execution of "api" {"metadata":{"emulator":{"name":"functions"},"function":{"name":"api"},"message":"Beginning execution of \"api\""}}
[debug] [2020-11-18T07:30:18.630Z] [runtime-status] [11992] triggerDefinition {"httpsTrigger":{},"name":"api","entryPoint":"api"} {"metadata":{"emulator":{"name":"functions"},"function":{"name":"api"},"message":"[runtime-status] [11992] triggerDefinition {\"httpsTrigger\":{},\"name\":\"api\",\"entryPoint\":\"api\"}"}}
[debug] [2020-11-18T07:30:18.630Z] [runtime-status] [11992] Running api in mode HTTPS {"metadata":{"emulator":{"name":"functions"},"function":{"name":"api"},"message":"[runtime-status] [11992] Running api in mode HTTPS"}}
[debug] [2020-11-18T07:30:18.632Z] [runtime-status] [11992] Attempting to listen to socketPath: \\?\pipe\D:\BitBucket\amazon-clone\amazon-clone\functions\11992 {"metadata":{"emulator":{"name":"functions"},"function":{"name":"api"},"message":"[runtime-status] [11992] Attempting to listen to socketPath: \\\\?\\pipe\\D:\\BitBucket\\amazon-clone\\amazon-clone\\functions\\11992"}}
[debug] [2020-11-18T07:30:18.635Z] [functions] Runtime ready! Sending request! {"metadata":{"emulator":{"name":"functions"},"message":"[functions] Runtime ready! Sending request!"}}
[debug] [2020-11-18T07:30:18.643Z] [runtime-status] [11992] Ephemeral server handling POST request {"metadata":{"emulator":{"name":"functions"},"function":{"name":"api"},"message":"[runtime-status] [11992] Ephemeral server handling POST request"}}
[info] >  Payment Request Recieved BOOM!!! for this amount >>>  74092 {"user":"Payment Request Recieved BOOM!!! for this amount >>>  74092","metadata":{"emulator":{"name":"functions"},"function":{"name":"api"},"message":"\u001b[90m> \u001b[39m Payment Request Recieved BOOM!!! for this amount >>>  74092"}}
[debug] [2020-11-18T07:30:18.653Z] [runtime-status] [11992] Ephemeral server survived. {"metadata":{"emulator":{"name":"functions"},"function":{"name":"api"},"message":"[runtime-status] [11992] Ephemeral server survived."}}
[info] i  functions: Finished "api" in ~1s {"metadata":{"emulator":{"name":"functions"},"function":{"name":"api"},"message":"Finished \"api\" in ~1s"}}
[debug] [2020-11-18T07:30:20.020Z] [worker-api-a971794c-bfc9-4d8a-a39b-e378551c1dde]: IDLE {"metadata":{"emulator":{"name":"functions"},"message":"[worker-api-a971794c-bfc9-4d8a-a39b-e378551c1dde]: IDLE"}}
[debug] [2020-11-18T07:30:20.020Z] [work-queue] {"queueLength":0,"workRunningCount":0}
[debug] [2020-11-18T07:30:37.220Z] [work-queue] {"queueLength":1,"workRunningCount":0}
[debug] [2020-11-18T07:30:37.220Z] [work-queue] {"queueLength":0,"workRunningCount":1}
[debug] [2020-11-18T07:30:37.220Z] Accepted request POST /clone-70b3b/us-central1/api/payments/create?total=0 --> api
[debug] [2020-11-18T07:30:37.221Z] [worker-pool] submitWork(triggerId=api) {"metadata":{"emulator":{"name":"functions"},"message":"[worker-pool] submitWork(triggerId=api)"}}
[debug] [2020-11-18T07:30:37.221Z] [worker-api-a971794c-bfc9-4d8a-a39b-e378551c1dde]: Assigning socketPath: \\?\pipe\D:\BitBucket\amazon-clone\amazon-clone\functions\11992 {"metadata":{"emulator":{"name":"functions"},"message":"[worker-api-a971794c-bfc9-4d8a-a39b-e378551c1dde]: Assigning socketPath: \\\\?\\pipe\\D:\\BitBucket\\amazon-clone\\amazon-clone\\functions\\11992"}}
[debug] [2020-11-18T07:30:37.221Z] [worker-api-a971794c-bfc9-4d8a-a39b-e378551c1dde]: BUSY {"metadata":{"emulator":{"name":"functions"},"message":"[worker-api-a971794c-bfc9-4d8a-a39b-e378551c1dde]: BUSY"}}
[debug] [2020-11-18T07:30:37.222Z] [runtime-status] [11992] Trigger "api" has been found, beginning invocation! {"metadata":{"emulator":{"name":"functions"},"function":{"name":"api"},"message":"[runtime-status] [11992] Trigger \"api\" has been found, beginning invocation!"}}
[info] i  functions: Beginning execution of "api" {"metadata":{"emulator":{"name":"functions"},"function":{"name":"api"},"message":"Beginning execution of \"api\""}}
[debug] [2020-11-18T07:30:37.223Z] [runtime-status] [11992] triggerDefinition {"httpsTrigger":{},"name":"api","entryPoint":"api"} {"metadata":{"emulator":{"name":"functions"},"function":{"name":"api"},"message":"[runtime-status] [11992] triggerDefinition {\"httpsTrigger\":{},\"name\":\"api\",\"entryPoint\":\"api\"}"}}
[debug] [2020-11-18T07:30:37.223Z] [runtime-status] [11992] Running api in mode HTTPS {"metadata":{"emulator":{"name":"functions"},"function":{"name":"api"},"message":"[runtime-status] [11992] Running api in mode HTTPS"}}
[debug] [2020-11-18T07:30:37.224Z] [runtime-status] [11992] Attempting to listen to socketPath: \\?\pipe\D:\BitBucket\amazon-clone\amazon-clone\functions\11992 {"metadata":{"emulator":{"name":"functions"},"function":{"name":"api"},"message":"[runtime-status] [11992] Attempting to listen to socketPath: \\\\?\\pipe\\D:\\BitBucket\\amazon-clone\\amazon-clone\\functions\\11992"}}
[debug] [2020-11-18T07:30:37.225Z] [functions] Runtime ready! Sending request! {"metadata":{"emulator":{"name":"functions"},"message":"[functions] Runtime ready! Sending request!"}}
[debug] [2020-11-18T07:30:37.229Z] [runtime-status] [11992] Ephemeral server handling POST request {"metadata":{"emulator":{"name":"functions"},"function":{"name":"api"},"message":"[runtime-status] [11992] Ephemeral server handling POST request"}}
[info] >  Payment Request Recieved BOOM!!! for this amount >>>  0 {"user":"Payment Request Recieved BOOM!!! for this amount >>>  0","metadata":{"emulator":{"name":"functions"},"function":{"name":"api"},"message":"\u001b[90m> \u001b[39m Payment Request Recieved BOOM!!! for this amount >>>  0"}}
[debug] [2020-11-18T07:30:37.231Z] [runtime-status] [11992] Ephemeral server survived. {"metadata":{"emulator":{"name":"functions"},"function":{"name":"api"},"message":"[runtime-status] [11992] Ephemeral server survived."}}
[info] >  (node:11992) UnhandledPromiseRejectionWarning: Error: This value must be greater than or equal to 1. {"user":"(node:11992) UnhandledPromiseRejectionWarning: Error: This value must be greater than or equal to 1.","metadata":{"emulator":{"name":"functions"},"function":{"name":"api"},"message":"\u001b[90m> \u001b[39m (node:11992) UnhandledPromiseRejectionWarning: Error: This value must be greater than or equal to 1."}}
[info] >      at Function.generate (D:\BitBucket\amazon-clone\amazon-clone\functions\node_modules\stripe\lib\Error.js:39:16) {"user":"    at Function.generate (D:\\BitBucket\\amazon-clone\\amazon-clone\\functions\\node_modules\\stripe\\lib\\Error.js:39:16)","metadata":{"emulator":{"name":"functions"},"function":{"name":"api"},"message":"\u001b[90m> \u001b[39m     at Function.generate (D:\\BitBucket\\amazon-clone\\amazon-clone\\functions\\node_modules\\stripe\\lib\\Error.js:39:16)"}}
[info] >      at IncomingMessage.<anonymous> (D:\BitBucket\amazon-clone\amazon-clone\functions\node_modules\stripe\lib\StripeResource.js:190:33) {"user":"    at IncomingMessage.<anonymous> (D:\\BitBucket\\amazon-clone\\amazon-clone\\functions\\node_modules\\stripe\\lib\\StripeResource.js:190:33)","metadata":{"emulator":{"name":"functions"},"function":{"name":"api"},"message":"\u001b[90m> \u001b[39m     at IncomingMessage.<anonymous> (D:\\BitBucket\\amazon-clone\\amazon-clone\\functions\\node_modules\\stripe\\lib\\StripeResource.js:190:33)"}}
[info] >      at Object.onceWrapper (events.js:421:28) {"user":"    at Object.onceWrapper (events.js:421:28)","metadata":{"emulator":{"name":"functions"},"function":{"name":"api"},"message":"\u001b[90m> \u001b[39m     at Object.onceWrapper (events.js:421:28)"}}
[info] >      at IncomingMessage.emit (events.js:327:22) {"user":"    at IncomingMessage.emit (events.js:327:22)","metadata":{"emulator":{"name":"functions"},"function":{"name":"api"},"message":"\u001b[90m> \u001b[39m     at IncomingMessage.emit (events.js:327:22)"}}
[info] >      at endReadableNT (_stream_readable.js:1327:12) {"user":"    at endReadableNT (_stream_readable.js:1327:12)","metadata":{"emulator":{"name":"functions"},"function":{"name":"api"},"message":"\u001b[90m> \u001b[39m     at endReadableNT (_stream_readable.js:1327:12)"}}
[info] >      at processTicksAndRejections (internal/process/task_queues.js:80:21) {"user":"    at processTicksAndRejections (internal/process/task_queues.js:80:21)","metadata":{"emulator":{"name":"functions"},"function":{"name":"api"},"message":"\u001b[90m> \u001b[39m     at processTicksAndRejections (internal/process/task_queues.js:80:21)"}}
[info] >  (Use `node --trace-warnings ...` to show where the warning was created) {"user":"(Use `node --trace-warnings ...` to show where the warning was created)","metadata":{"emulator":{"name":"functions"},"function":{"name":"api"},"message":"\u001b[90m> \u001b[39m (Use `node --trace-warnings ...` to show where the warning was created)"}}
[info] >  (node:11992) UnhandledPromiseRejectionWarning: Unhandled promise rejection. This error originated either by throwing inside of an async function without a catch block, or by rejecting a promise which was not handled with .catch(). To terminate the node process on unhandled promise rejection, use the CLI flag `--unhandled-rejections=strict` (see https://nodejs.org/api/cli.html#cli_unhandled_rejections_mode). (rejection id: 1) {"user":"(node:11992) UnhandledPromiseRejectionWarning: Unhandled promise rejection. This error originated either by throwing inside of an async function without a catch block, or by rejecting a promise which was not handled with .catch(). To terminate the node process on unhandled promise rejection, use the CLI flag `--unhandled-rejections=strict` (see https://nodejs.org/api/cli.html#cli_unhandled_rejections_mode). (rejection id: 1)","metadata":{"emulator":{"name":"functions"},"function":{"name":"api"},"message":"\u001b[90m> \u001b[39m (node:11992) UnhandledPromiseRejectionWarning: Unhandled promise rejection. This error originated either by throwing inside of an async function without a catch block, or by rejecting a promise which was not handled with .catch(). To terminate the node process on unhandled promise rejection, use the CLI flag `--unhandled-rejections=strict` (see https://nodejs.org/api/cli.html#cli_unhandled_rejections_mode). (rejection id: 1)"}}
[info] >  (node:11992) [DEP0018] DeprecationWarning: Unhandled promise rejections are deprecated. In the future, promise rejections that are not handled will terminate the Node.js process with a non-zero exit code. {"user":"(node:11992) [DEP0018] DeprecationWarning: Unhandled promise rejections are deprecated. In the future, promise rejections that are not handled will terminate the Node.js process with a non-zero exit code.","metadata":{"emulator":{"name":"functions"},"function":{"name":"api"},"message":"\u001b[90m> \u001b[39m (node:11992) [DEP0018] DeprecationWarning: Unhandled promise rejections are deprecated. In the future, promise rejections that are not handled will terminate the Node.js process with a non-zero exit code."}}
[warn] !  functions: Your function timed out after ~60s. To configure this timeout, see
      https://firebase.google.com/docs/functions/manage-functions#set_timeout_and_memory_allocation. {"metadata":{"emulator":{"name":"functions"},"function":{"name":"api"},"message":"Your function timed out after ~60s. To configure this timeout, see\n      https://firebase.google.com/docs/functions/manage-functions#set_timeout_and_memory_allocation."}}
[info] >  C:\Users\kkawa\AppData\Roaming\npm\node_modules\firebase-tools\lib\emulator\functionsEmulatorRuntime.js:668 {"user":"C:\\Users\\kkawa\\AppData\\Roaming\\npm\\node_modules\\firebase-tools\\lib\\emulator\\functionsEmulatorRuntime.js:668\r","metadata":{"emulator":{"name":"functions"},"function":{"name":"api"},"message":"\u001b[90m> \u001b[39m C:\\Users\\kkawa\\AppData\\Roaming\\npm\\node_modules\\firebase-tools\\lib\\emulator\\functionsEmulatorRuntime.js:668\r"}}
[info] >                  throw new Error("Function timed out."); {"user":"                throw new Error(\"Function timed out.\");\r","metadata":{"emulator":{"name":"functions"},"function":{"name":"api"},"message":"\u001b[90m> \u001b[39m                 throw new Error(\"Function timed out.\");\r"}}
[info] >                  ^ {"user":"                ^\r","metadata":{"emulator":{"name":"functions"},"function":{"name":"api"},"message":"\u001b[90m> \u001b[39m                 ^\r"}}
[info] >   {"user":"\r","metadata":{"emulator":{"name":"functions"},"function":{"name":"api"},"message":"\u001b[90m> \u001b[39m \r"}}
[info] >  Error: Function timed out. {"user":"Error: Function timed out.\r","metadata":{"emulator":{"name":"functions"},"function":{"name":"api"},"message":"\u001b[90m> \u001b[39m Error: Function timed out.\r"}}
[info] >      at Timeout._onTimeout (C:\Users\kkawa\AppData\Roaming\npm\node_modules\firebase-tools\lib\emulator\functionsEmulatorRuntime.js:668:23) {"user":"    at Timeout._onTimeout (C:\\Users\\kkawa\\AppData\\Roaming\\npm\\node_modules\\firebase-tools\\lib\\emulator\\functionsEmulatorRuntime.js:668:23)\r","metadata":{"emulator":{"name":"functions"},"function":{"name":"api"},"message":"\u001b[90m> \u001b[39m     at Timeout._onTimeout (C:\\Users\\kkawa\\AppData\\Roaming\\npm\\node_modules\\firebase-tools\\lib\\emulator\\functionsEmulatorRuntime.js:668:23)\r"}}
[info] >      at listOnTimeout (internal/timers.js:554:17) {"user":"    at listOnTimeout (internal/timers.js:554:17)\r","metadata":{"emulator":{"name":"functions"},"function":{"name":"api"},"message":"\u001b[90m> \u001b[39m     at listOnTimeout (internal/timers.js:554:17)\r"}}
[info] >      at processTimers (internal/timers.js:497:7) {"user":"    at processTimers (internal/timers.js:497:7)\r","metadata":{"emulator":{"name":"functions"},"function":{"name":"api"},"message":"\u001b[90m> \u001b[39m     at processTimers (internal/timers.js:497:7)\r"}}
[debug] [2020-11-18T07:31:37.239Z] [worker-api-a971794c-bfc9-4d8a-a39b-e378551c1dde]: exited {"metadata":{"emulator":{"name":"functions"},"message":"[worker-api-a971794c-bfc9-4d8a-a39b-e378551c1dde]: exited"}}
[debug] [2020-11-18T07:31:37.239Z] [worker-api-a971794c-bfc9-4d8a-a39b-e378551c1dde]: FINISHED {"metadata":{"emulator":{"name":"functions"},"message":"[worker-api-a971794c-bfc9-4d8a-a39b-e378551c1dde]: FINISHED"}}
[debug] [2020-11-18T07:31:37.239Z] [work-queue] {"queueLength":0,"workRunningCount":0}
[debug] [2020-11-18T07:33:46.720Z] [worker-~diagnostic~-a70eb6df-a1be-4812-9ccb-6201dc80c5df]: exited {"metadata":{"emulator":{"name":"functions"},"message":"[worker-~diagnostic~-a70eb6df-a1be-4812-9ccb-6201dc80c5df]: exited"}}
